This is pdfTeX, Version 3.14159265-2.6-1.40.21 (MiKTeX 2.9.7400 64-bit) (preloaded format=pdflatex 2020.4.25)  26 MAY 2020 11:57
entering extended mode
**./proposal.tex
(proposal.tex
LaTeX2e <2020-02-02> patch level 5
L3 programming layer <2020-04-06>
("C:\Users\gsasi\AppData\Local\Programs\MiKTeX 2.9\tex/latex/base\article.cls"
Document Class: article 2019/12/20 v1.4l Standard LaTeX document class
("C:\Users\gsasi\AppData\Local\Programs\MiKTeX 2.9\tex/latex/base\size11.clo"
File: size11.clo 2019/12/20 v1.4l Standard LaTeX file (size option)
)
\c@part=\count167
\c@section=\count168
\c@subsection=\count169
\c@subsubsection=\count170
\c@paragraph=\count171
\c@subparagraph=\count172
\c@figure=\count173
\c@table=\count174
\abovecaptionskip=\skip47
\belowcaptionskip=\skip48
\bibindent=\dimen134
) ("C:\Users\gsasi\AppData\Local\Programs\MiKTeX 2.9\tex/latex/base\inputenc.st
y"
Package: inputenc 2018/08/11 v1.3c Input encoding file
\inpenc@prehook=\toks15
\inpenc@posthook=\toks16
)
("C:\Users\gsasi\AppData\Local\Programs\MiKTeX 2.9\tex/generic/babel\babel.sty"
Package: babel 2020/03/22 3.42 The Babel package
("C:\Users\gsasi\AppData\Local\Programs\MiKTeX 2.9\tex/generic/babel\switch.def
"
File: switch.def 2020/03/22 3.42 Babel switching mechanism
)
*************************************
* Local config file bblopts.cfg used
*
("C:\Users\gsasi\AppData\Local\Programs\MiKTeX 2.9\tex/latex/arabi\bblopts.cfg"
File: bblopts.cfg 2005/09/08 v0.1 add Arabic and Farsi to "declared" options of
 babel
)
("C:\Users\gsasi\AppData\Local\Programs\MiKTeX 2.9\tex/latex/babel-english\engl
ish.ldf"
Language: english 2017/06/06 v3.3r English support from the babel system

("C:\Users\gsasi\AppData\Local\Programs\MiKTeX 2.9\tex/generic/babel\babel.def"
File: babel.def 2020/03/22 3.42 Babel common definitions
\babel@savecnt=\count175
\U@D=\dimen135

("C:\Users\gsasi\AppData\Local\Programs\MiKTeX 2.9\tex/generic/babel\txtbabel.d
ef")
\bbl@readstream=\read2
\bbl@dirlevel=\count176
)
Package babel Info: \l@canadian = using hyphenrules for english
(babel)             (\language0) on input line 102.
Package babel Info: \l@australian = using hyphenrules for ukenglish
(babel)             (\language72) on input line 105.
Package babel Info: \l@newzealand = using hyphenrules for ukenglish
(babel)             (\language72) on input line 108.
))
("C:\Users\gsasi\AppData\Local\Programs\MiKTeX 2.9\tex/latex/titling\titling.st
y"
Package: titling 2009/09/04 v2.1d maketitle typesetting
\thanksmarkwidth=\skip49
\thanksmargin=\skip50
\droptitle=\skip51
)
("C:\Users\gsasi\AppData\Local\Programs\MiKTeX 2.9\tex/latex/tocbibind\tocbibin
d.sty"
Package: tocbibind 2010/10/13 v1.5k extra ToC listings
Package tocbibind Info: The document has section divisions on input line 50.


Package tocbibind Note: Using section or other style headings.

)
("C:\Users\gsasi\AppData\Local\Programs\MiKTeX 2.9\tex/latex/l3backend\l3backen
d-pdfmode.def"
File: l3backend-pdfmode.def 2020-03-12 L3 backend support: PDF mode
\l__kernel_color_stack_int=\count177
\l__pdf_internal_box=\box45
) (proposal.aux)
\openout1 = `proposal.aux'.

LaTeX Font Info:    Checking defaults for OML/cmm/m/it on input line 11.
LaTeX Font Info:    ... okay on input line 11.
LaTeX Font Info:    Checking defaults for OMS/cmsy/m/n on input line 11.
LaTeX Font Info:    ... okay on input line 11.
LaTeX Font Info:    Checking defaults for OT1/cmr/m/n on input line 11.
LaTeX Font Info:    ... okay on input line 11.
LaTeX Font Info:    Checking defaults for T1/cmr/m/n on input line 11.
LaTeX Font Info:    ... okay on input line 11.
LaTeX Font Info:    Checking defaults for TS1/cmr/m/n on input line 11.
LaTeX Font Info:    ... okay on input line 11.
LaTeX Font Info:    Checking defaults for OMX/cmex/m/n on input line 11.
LaTeX Font Info:    ... okay on input line 11.
LaTeX Font Info:    Checking defaults for U/cmr/m/n on input line 11.
LaTeX Font Info:    ... okay on input line 11.
LaTeX Font Info:    External font `cmex10' loaded for size
(Font)              <12> on input line 12.
LaTeX Font Info:    External font `cmex10' loaded for size
(Font)              <8> on input line 12.
LaTeX Font Info:    External font `cmex10' loaded for size
(Font)              <6> on input line 12.
 (proposal.bbl) [1

{C:/Users/gsasi/AppData/Local/MiKTeX/2.9/pdftex/config/pdftex.map}] (proposal.a
ux) ) 
Here is how much of TeX's memory you used:
 1195 strings out of 480930
 18907 string characters out of 2899761
 264392 words of memory out of 3000000
 17101 multiletter control sequences out of 15000+200000
 536965 words of font info for 39 fonts, out of 3000000 for 9000
 1141 hyphenation exceptions out of 8191
 25i,6n,27p,501b,189s stack positions out of 5000i,500n,10000p,200000b,50000s
 <C:\Users\gsasi\AppData\Local\MiKTeX\2.9\fonts/pk/ljfour/jknappen/ec/dpi6
00\tcrm1095.pk><C:/Users/gsasi/AppData/Local/Programs/MiKTeX 2.9/fonts/type1/pu
blic/amsfonts/cm/cmbx12.pfb><C:/Users/gsasi/AppData/Local/Programs/MiKTeX 2.9/f
onts/type1/public/amsfonts/cm/cmr10.pfb><C:/Users/gsasi/AppData/Local/Programs/
MiKTeX 2.9/fonts/type1/public/amsfonts/cm/cmr12.pfb><C:/Users/gsasi/AppData/Loc
al/Programs/MiKTeX 2.9/fonts/type1/public/amsfonts/cm/cmr17.pfb><C:/Users/gsasi
/AppData/Local/Programs/MiKTeX 2.9/fonts/type1/public/amsfonts/cm/cmti10.pfb>
Output written on proposal.pdf (1 page, 75381 bytes).
PDF statistics:
 31 PDF objects out of 1000 (max. 8388607)
 0 named destinations out of 1000 (max. 500000)
 1 words of extra memory for PDF output out of 10000 (max. 10000000)

